[debug] [2019-11-22T09:43:06.812Z] ----------------------------------------------------------------------
[debug] [2019-11-22T09:43:06.818Z] Command:       C:\Program Files\nodejs\node.exe C:\Users\RUPESH~1.MES\AppData\Roaming\npm\node_modules\firebase-tools\lib\bin\firebase.js serve
[debug] [2019-11-22T09:43:06.819Z] CLI Version:   7.7.0
[debug] [2019-11-22T09:43:06.819Z] Platform:      win32
[debug] [2019-11-22T09:43:06.819Z] Node Version:  v10.16.0
[debug] [2019-11-22T09:43:06.822Z] Time:          Fri Nov 22 2019 15:13:06 GMT+0530 (India Standard Time)
[debug] [2019-11-22T09:43:06.822Z] ----------------------------------------------------------------------
[debug] [2019-11-22T09:43:06.822Z] 
[debug] [2019-11-22T09:43:06.842Z] > command requires scopes: ["email","openid","https://www.googleapis.com/auth/cloudplatformprojects.readonly","https://www.googleapis.com/auth/firebase","https://www.googleapis.com/auth/cloud-platform"]
[debug] [2019-11-22T09:43:06.844Z] > authorizing via signed-in user
[debug] [2019-11-22T09:43:06.844Z] [iam] checking project recipe-book-1984 for permissions ["firebase.projects.get"]
[debug] [2019-11-22T09:43:06.848Z] >>> HTTP REQUEST POST https://cloudresourcemanager.googleapis.com/v1/projects/recipe-book-1984:testIamPermissions  

[debug] [2019-11-22T09:43:08.219Z] <<< HTTP RESPONSE 200
[debug] [2019-11-22T09:43:08.223Z] >>> HTTP REQUEST GET https://firebase.googleapis.com/v1beta1/projects/recipe-book-1984  
 
[debug] [2019-11-22T09:43:09.495Z] <<< HTTP RESPONSE 200
[info] 
[info] === Serving from 'D:\angular\recipe-book'...
[info] 
[debug] [2019-11-22T09:43:09.503Z] >>> HTTP REQUEST GET https://firebase.googleapis.com/v1beta1/projects/recipe-book-1984/webApps/-/config  
 
[debug] [2019-11-22T09:43:10.638Z] <<< HTTP RESPONSE 200
[info] i  hosting: Serving hosting files from: dist/recipe-book
[info] +  hosting: Local server: http://localhost:5000
